<?xml version="1.0" encoding="UTF-8"?>
<!-- Generated by org.testng.reporters.JUnitXMLReporter -->
<testsuite ignored="2" hostname="DESKTOP-7TRN07R" failures="0" tests="31" name="ClientPortalTests" time="22.938" errors="0" timestamp="2026-03-25T08:19:12 IST">
  <testcase classname="testcases.LoginTest" name="verifyEmailIcon" time="0.064"/>
  <testcase classname="testcases.LoginTest" name="verifyLoginBox" time="0.048"/>
  <testcase classname="testcases.LoginTest" name="verifyLoginWrapper" time="0.047"/>
  <testcase classname="testcases.LoginTest" name="verifyLogo" time="0.063"/>
  <testcase classname="testcases.LoginTest" name="verifyPasswordIcon" time="0.057"/>
  <testcase classname="testcases.LoginTest" name="verifySubTitle" time="0.036"/>
  <testcase classname="testcases.LoginTest" name="verifyInvalidLogin" time="1.592"/>
  <testcase classname="testcases.LoginTest" name="verifyValidLogin" time="1.434"/>
  <testcase classname="testcases.FolderDashboardTest" name="verifyHeaderSection" time="0.048"/>
  <testcase classname="testcases.FolderDashboardTest" name="verifyDashboardLogo" time="0.048"/>
  <testcase classname="testcases.FolderDashboardTest" name="verifyProfileIcon" time="0.047"/>
  <testcase classname="testcases.FolderDashboardTest" name="verifyFolderContainer" time="0.056"/>
  <testcase classname="testcases.FolderDashboardTest" name="verifyPageTitle" time="0.047"/>
  <testcase classname="testcases.FolderDashboardTest" name="verifyDocumentTab" time="0.134"/>
  <testcase classname="testcases.FolderDashboardTest" name="verifyFolderTab" time="0.167"/>
  <testcase classname="testcases.FolderDashboardTest" name="verifyFolderIcons" time="0.196"/>
  <testcase classname="testcases.FolderDashboardTest" name="verifyFooterSection" time="0.035"/>
  <testcase classname="testcases.FolderDashboardTest" name="verifyFooterTest" time="0.051"/>
  <testcase classname="testcases.FolderDashboardTest" name="verifyVersionText" time="0.044"/>
  <testcase classname="testcases.FolderDashboardTest" name="verifyCreateFolderWithName" time="1.033"/>
  <testcase classname="testcases.FolderDashboardTest" name="verifyCreateFolderPopup" time="0.326"/>
  <testcase classname="testcases.FolderDashboardTest" name="verifyPinnedAndUnpinnedFolderCount" time="0.11"/>
  <testcase classname="testcases.FolderDashboardTest" name="verifyDropdownDisplayed" time="0.048"/>
  <testcase classname="testcases.FolderDashboardTest" name="verifyDropdownOpens" time="0.089"/>
  <testcase classname="testcases.FolderDashboardTest" name="verifyDefaultSelection" time="0.051"/>
  <testcase classname="testcases.FolderDashboardTest" name="printFoldersForAllDropdownOptions" time="3.494"/>
  <testcase classname="testcases.FolderDashboardTest" name="verifyClearAllFunctionality" time="0.254"/>
  <testcase classname="testcases.FolderDashboardTest" name="verifySearchFolder" time="0.15"/>
  <testcase classname="testcases.DocumentDashboardTest" name="verifyNavigationToDocumentDashboard" time="0.206"/>
  <testcase classname="testcases.DocumentDashboardTest" name="verifyFilteredDocumentCount" time="12.153"/>
  <testcase classname="testcases.DocumentDashboardTest" name="verifyProfileMenuOptions" time="0.348"/>
  <testcase classname="base.BaseTest" name="@BeforeSuite setup" time="0.0">
    <ignored/>
  </testcase> <!-- @BeforeSuite setup -->
  <testcase classname="base.BaseTest" name="@BeforeSuite setup" time="0.0">
    <ignored/>
  </testcase> <!-- @BeforeSuite setup -->
</testsuite> <!-- ClientPortalTests -->
