<?xml version="1.0" encoding="UTF-8"?>
<!-- Generated by org.testng.reporters.JUnitXMLReporter -->
<testsuite ignored="4" hostname="DESKTOP-7TRN07R" failures="0" tests="32" name="ClientPortalTests" time="23.289" errors="0" timestamp="2026-03-25T13:03:54 IST">
  <testcase classname="testcases.LoginTest" name="verifyEmailIcon" time="0.067"/>
  <testcase classname="testcases.LoginTest" name="verifyLoginBox" time="0.037"/>
  <testcase classname="testcases.LoginTest" name="verifyLoginWrapper" time="0.032"/>
  <testcase classname="testcases.LoginTest" name="verifyLogo" time="0.034"/>
  <testcase classname="testcases.LoginTest" name="verifyPasswordIcon" time="0.04"/>
  <testcase classname="testcases.LoginTest" name="verifySubTitle" time="0.033"/>
  <testcase classname="testcases.LoginTest" name="verifyInvalidLogin" time="1.467"/>
  <testcase classname="testcases.LoginTest" name="verifyValidLogin" time="1.417"/>
  <testcase classname="testcases.FolderDashboardTest" name="verifyHeaderSection" time="0.033"/>
  <testcase classname="testcases.FolderDashboardTest" name="verifyDashboardLogo" time="0.033"/>
  <testcase classname="testcases.FolderDashboardTest" name="verifyProfileIcon" time="0.05"/>
  <testcase classname="testcases.FolderDashboardTest" name="verifyFolderContainer" time="0.034"/>
  <testcase classname="testcases.FolderDashboardTest" name="verifyPageTitle" time="0.05"/>
  <testcase classname="testcases.FolderDashboardTest" name="verifyDocumentTab" time="0.141"/>
  <testcase classname="testcases.FolderDashboardTest" name="verifyFolderTab" time="0.173"/>
  <testcase classname="testcases.FolderDashboardTest" name="verifyFolderIcons" time="0.206"/>
  <testcase classname="testcases.FolderDashboardTest" name="verifyFooterSection" time="0.052"/>
  <testcase classname="testcases.FolderDashboardTest" name="verifyFooterTest" time="0.036"/>
  <testcase classname="testcases.FolderDashboardTest" name="verifyVersionText" time="0.058"/>
  <testcase classname="testcases.FolderDashboardTest" name="verifyCreateFolderWithName" time="1.01"/>
  <testcase classname="testcases.FolderDashboardTest" name="verifyCreateFolderPopup" time="0.297"/>
  <testcase classname="testcases.FolderDashboardTest" name="verifyPinnedAndUnpinnedFolderCount" time="0.1"/>
  <testcase classname="testcases.FolderDashboardTest" name="verifyDropdownDisplayed" time="0.049"/>
  <testcase classname="testcases.FolderDashboardTest" name="verifyDropdownOpens" time="0.085"/>
  <testcase classname="testcases.FolderDashboardTest" name="verifyDefaultSelection" time="0.052"/>
  <testcase classname="testcases.FolderDashboardTest" name="printFoldersForAllDropdownOptions" time="3.282"/>
  <testcase classname="testcases.FolderDashboardTest" name="verifyClearAllFunctionality" time="0.232"/>
  <testcase classname="testcases.FolderDashboardTest" name="verifySearchFolder" time="0.152"/>
  <testcase classname="testcases.DocumentDashboardTest" name="verifyNavigationToDocumentDashboard" time="0.181"/>
  <testcase classname="testcases.DocumentDashboardTest" name="verifyFilteredDocumentCount" time="12.641"/>
  <testcase classname="testcases.DocumentDashboardTest" name="verifyProfileMenuOptions" time="0.35"/>
  <testcase classname="testcases.DocumentDashboardTest" name="verifyLogout" time="0.334"/>
  <testcase classname="base.BaseTest" name="@AfterSuite tearDown" time="0.0">
    <ignored/>
  </testcase> <!-- @AfterSuite tearDown -->
  <testcase classname="base.BaseTest" name="@BeforeSuite setup" time="0.0">
    <ignored/>
  </testcase> <!-- @BeforeSuite setup -->
  <testcase classname="base.BaseTest" name="@AfterSuite tearDown" time="0.0">
    <ignored/>
  </testcase> <!-- @AfterSuite tearDown -->
  <testcase classname="base.BaseTest" name="@BeforeSuite setup" time="0.0">
    <ignored/>
  </testcase> <!-- @BeforeSuite setup -->
</testsuite> <!-- ClientPortalTests -->
