<?xml version="1.0" encoding="UTF-8"?>
<!-- Generated by org.testng.reporters.JUnitXMLReporter -->
<testsuite ignored="0" hostname="DESKTOP-7TRN07R" failures="0" tests="21" name="FolderDashboardTests" time="10.185" errors="0" timestamp="2026-03-16T15:21:42 IST">
  <testcase classname="testcases.FolderDashboardTest" name="verifyHeaderSection" time="0.001">
    <skipped/>
  </testcase> <!-- verifyHeaderSection -->
  <testcase classname="testcases.FolderDashboardTest" name="verifyFolderLogo" time="0.0">
    <skipped/>
  </testcase> <!-- verifyFolderLogo -->
  <testcase classname="testcases.FolderDashboardTest" name="verifyProfileIcon" time="0.0">
    <skipped/>
  </testcase> <!-- verifyProfileIcon -->
  <testcase classname="testcases.FolderDashboardTest" name="verifyFolderContainer" time="0.0">
    <skipped/>
  </testcase> <!-- verifyFolderContainer -->
  <testcase classname="testcases.FolderDashboardTest" name="verifyPageTitle" time="0.0">
    <skipped/>
  </testcase> <!-- verifyPageTitle -->
  <testcase classname="testcases.FolderDashboardTest" name="verifyDocumentTab" time="0.0">
    <skipped/>
  </testcase> <!-- verifyDocumentTab -->
  <testcase classname="testcases.FolderDashboardTest" name="verifyFolderTab" time="0.0">
    <skipped/>
  </testcase> <!-- verifyFolderTab -->
  <testcase classname="testcases.FolderDashboardTest" name="verifyFolderIcons" time="0.0">
    <skipped/>
  </testcase> <!-- verifyFolderIcons -->
  <testcase classname="testcases.FolderDashboardTest" name="verifySearchFolder" time="0.0">
    <skipped/>
  </testcase> <!-- verifySearchFolder -->
  <testcase classname="testcases.FolderDashboardTest" name="verifyFooterSection" time="0.0">
    <skipped/>
  </testcase> <!-- verifyFooterSection -->
  <testcase classname="testcases.FolderDashboardTest" name="verifyFooterTest" time="0.0">
    <skipped/>
  </testcase> <!-- verifyFooterTest -->
  <testcase classname="testcases.FolderDashboardTest" name="verifyVersionText" time="0.0">
    <skipped/>
  </testcase> <!-- verifyVersionText -->
  <testcase classname="testcases.FolderDashboardTest" name="verifyCreateFolderPopup" time="0.0">
    <skipped/>
  </testcase> <!-- verifyCreateFolderPopup -->
  <testcase classname="testcases.FolderDashboardTest" name="verifyPinnedAndUnpinnedFolderCount" time="0.0">
    <skipped/>
  </testcase> <!-- verifyPinnedAndUnpinnedFolderCount -->
  <testcase classname="testcases.FolderDashboardTest" name="verifyDropdownDisplayed" time="0.0">
    <skipped/>
  </testcase> <!-- verifyDropdownDisplayed -->
  <testcase classname="testcases.FolderDashboardTest" name="verifyDropdownOpens" time="0.0">
    <skipped/>
  </testcase> <!-- verifyDropdownOpens -->
  <testcase classname="testcases.FolderDashboardTest" name="verifyDefaultSelection" time="0.0">
    <skipped/>
  </testcase> <!-- verifyDefaultSelection -->
  <testcase classname="testcases.FolderDashboardTest" name="printFoldersForAllDropdownOptions" time="0.0">
    <skipped/>
  </testcase> <!-- printFoldersForAllDropdownOptions -->
  <testcase classname="testcases.FolderDashboardTest" name="verifyClearAllFunctionality" time="0.0">
    <skipped/>
  </testcase> <!-- verifyClearAllFunctionality -->
  <testcase classname="testcases.FolderDashboardTest" name="verifyProfileMenuOptions" time="0.0">
    <skipped/>
  </testcase> <!-- verifyProfileMenuOptions -->
  <testcase classname="testcases.FolderDashboardTest" name="verifyLogout" time="0.0">
    <skipped/>
  </testcase> <!-- verifyLogout -->
</testsuite> <!-- FolderDashboardTests -->
