<?xml version="1.0" encoding="UTF-8"?>
<!-- Generated by org.testng.reporters.JUnitXMLReporter -->
<testsuite ignored="0" hostname="DESKTOP-7TRN07R" failures="8" tests="8" name="LoginTests" time="0.445" errors="0" timestamp="2026-03-16T15:21:32 IST">
  <testcase classname="testcases.LoginTest" name="verifyEmailIcon" time="0.008">
    <failure type="java.lang.NullPointerException" message="Cannot invoke &amp;quot;pages.LoginPage.isEmailIconDisplayed()&amp;quot; because &amp;quot;this.login&amp;quot; is null">
      <![CDATA[java.lang.NullPointerException: Cannot invoke "pages.LoginPage.isEmailIconDisplayed()" because "this.login" is null
at testcases.LoginTest.verifyEmailIcon(LoginTest.java:47)
at java.base/java.util.ArrayList.forEach(ArrayList.java:1511)
... Removed 27 stack frames]]>
    </failure>
  </testcase> <!-- verifyEmailIcon -->
  <testcase classname="testcases.LoginTest" name="verifyLoginBox" time="0.002">
    <failure type="java.lang.NullPointerException" message="Cannot invoke &amp;quot;pages.LoginPage.isLoginBoxDisplayed()&amp;quot; because &amp;quot;this.login&amp;quot; is null">
      <![CDATA[java.lang.NullPointerException: Cannot invoke "pages.LoginPage.isLoginBoxDisplayed()" because "this.login" is null
at testcases.LoginTest.verifyLoginBox(LoginTest.java:37)
at java.base/java.util.ArrayList.forEach(ArrayList.java:1511)
... Removed 27 stack frames]]>
    </failure>
  </testcase> <!-- verifyLoginBox -->
  <testcase classname="testcases.LoginTest" name="verifyLoginWrapper" time="0.002">
    <failure type="java.lang.NullPointerException" message="Cannot invoke &amp;quot;pages.LoginPage.isLoginWrapperDisplayed()&amp;quot; because &amp;quot;this.login&amp;quot; is null">
      <![CDATA[java.lang.NullPointerException: Cannot invoke "pages.LoginPage.isLoginWrapperDisplayed()" because "this.login" is null
at testcases.LoginTest.verifyLoginWrapper(LoginTest.java:32)
at java.base/java.util.ArrayList.forEach(ArrayList.java:1511)
... Removed 27 stack frames]]>
    </failure>
  </testcase> <!-- verifyLoginWrapper -->
  <testcase classname="testcases.LoginTest" name="verifyLogo" time="0.002">
    <failure type="java.lang.NullPointerException" message="Cannot invoke &amp;quot;pages.LoginPage.isLogoDisplayed()&amp;quot; because &amp;quot;this.login&amp;quot; is null">
      <![CDATA[java.lang.NullPointerException: Cannot invoke "pages.LoginPage.isLogoDisplayed()" because "this.login" is null
at testcases.LoginTest.verifyLogo(LoginTest.java:27)
at java.base/java.util.ArrayList.forEach(ArrayList.java:1511)
... Removed 27 stack frames]]>
    </failure>
  </testcase> <!-- verifyLogo -->
  <testcase classname="testcases.LoginTest" name="verifyPasswordIcon" time="0.002">
    <failure type="java.lang.NullPointerException" message="Cannot invoke &amp;quot;pages.LoginPage.isPasswordIconDisplayed()&amp;quot; because &amp;quot;this.login&amp;quot; is null">
      <![CDATA[java.lang.NullPointerException: Cannot invoke "pages.LoginPage.isPasswordIconDisplayed()" because "this.login" is null
at testcases.LoginTest.verifyPasswordIcon(LoginTest.java:52)
at java.base/java.util.ArrayList.forEach(ArrayList.java:1511)
... Removed 27 stack frames]]>
    </failure>
  </testcase> <!-- verifyPasswordIcon -->
  <testcase classname="testcases.LoginTest" name="verifySubTitle" time="0.001">
    <failure type="java.lang.NullPointerException" message="Cannot invoke &amp;quot;pages.LoginPage.isSubTitleDisplayed()&amp;quot; because &amp;quot;this.login&amp;quot; is null">
      <![CDATA[java.lang.NullPointerException: Cannot invoke "pages.LoginPage.isSubTitleDisplayed()" because "this.login" is null
at testcases.LoginTest.verifySubTitle(LoginTest.java:42)
at java.base/java.util.ArrayList.forEach(ArrayList.java:1511)
... Removed 27 stack frames]]>
    </failure>
  </testcase> <!-- verifySubTitle -->
  <testcase classname="testcases.LoginTest" name="verifyInvalidLogin" time="0.001">
    <failure type="java.lang.NullPointerException" message="Cannot invoke &amp;quot;pages.LoginPage.loginToApplication(String, String)&amp;quot; because &amp;quot;this.login&amp;quot; is null">
      <![CDATA[java.lang.NullPointerException: Cannot invoke "pages.LoginPage.loginToApplication(String, String)" because "this.login" is null
at testcases.LoginTest.verifyInvalidLogin(LoginTest.java:59)
at java.base/java.util.ArrayList.forEach(ArrayList.java:1511)
... Removed 27 stack frames]]>
    </failure>
  </testcase> <!-- verifyInvalidLogin -->
  <testcase classname="testcases.LoginTest" name="verifyValidLogin" time="0.002">
    <failure type="java.lang.NullPointerException" message="Cannot invoke &amp;quot;pages.LoginPage.loginToApplication(String, String)&amp;quot; because &amp;quot;this.login&amp;quot; is null">
      <![CDATA[java.lang.NullPointerException: Cannot invoke "pages.LoginPage.loginToApplication(String, String)" because "this.login" is null
at testcases.LoginTest.verifyValidLogin(LoginTest.java:68)
at java.base/java.util.ArrayList.forEach(ArrayList.java:1511)
... Removed 27 stack frames]]>
    </failure>
  </testcase> <!-- verifyValidLogin -->
</testsuite> <!-- LoginTests -->
