<?xml version="1.0" encoding="UTF-8"?>
<!-- Generated by org.testng.reporters.JUnitXMLReporter -->
<testsuite ignored="2" hostname="DESKTOP-7TRN07R" failures="0" tests="29" name="Login Tests" time="3.194" errors="0" timestamp="2026-03-16T13:08:49 IST">
  <testcase classname="testcases.FolderDashboardTest" name="@BeforeClass loginToApp" time="0.0">
    <failure type="java.lang.NullPointerException" message="Cannot invoke &amp;quot;pages.LoginPage.loginToApplication(String, String)&amp;quot; because &amp;quot;this.login&amp;quot; is null">
      <![CDATA[java.lang.NullPointerException: Cannot invoke "pages.LoginPage.loginToApplication(String, String)" because "this.login" is null
at testcases.FolderDashboardTest.loginToApp(FolderDashboardTest.java:14)
at java.base/java.util.ArrayList.forEach(ArrayList.java:1511)
... Removed 25 stack frames]]>
    </failure>
  </testcase> <!-- @BeforeClass loginToApp -->
  <testcase classname="testcases.LoginTest" name="verifyEmailIcon" time="0.076"/>
  <testcase classname="testcases.LoginTest" name="verifyLoginBox" time="0.041"/>
  <testcase classname="testcases.LoginTest" name="verifyLoginWrapper" time="0.043"/>
  <testcase classname="testcases.LoginTest" name="verifyLogo" time="0.046"/>
  <testcase classname="testcases.LoginTest" name="verifyPasswordIcon" time="0.043"/>
  <testcase classname="testcases.LoginTest" name="verifySubTitle" time="0.046"/>
  <testcase classname="testcases.LoginTest" name="verifyInvalidLogin" time="1.481"/>
  <testcase classname="testcases.LoginTest" name="verifyValidLogin" time="0.866"/>
  <testcase classname="testcases.FolderDashboardTest" name="verifyHeaderSection" time="0.0">
    <skipped/>
  </testcase> <!-- verifyHeaderSection -->
  <testcase classname="testcases.FolderDashboardTest" name="verifyFolderLogo" time="0.0">
    <skipped/>
  </testcase> <!-- verifyFolderLogo -->
  <testcase classname="testcases.FolderDashboardTest" name="verifyProfileIcon" time="0.0">
    <skipped/>
  </testcase> <!-- verifyProfileIcon -->
  <testcase classname="testcases.FolderDashboardTest" name="verifyFolderContainer" time="0.0">
    <skipped/>
  </testcase> <!-- verifyFolderContainer -->
  <testcase classname="testcases.FolderDashboardTest" name="verifyPageTitle" time="0.0">
    <skipped/>
  </testcase> <!-- verifyPageTitle -->
  <testcase classname="testcases.FolderDashboardTest" name="verifyDocumentTab" time="0.0">
    <skipped/>
  </testcase> <!-- verifyDocumentTab -->
  <testcase classname="testcases.FolderDashboardTest" name="verifyFolderTab" time="0.0">
    <skipped/>
  </testcase> <!-- verifyFolderTab -->
  <testcase classname="testcases.FolderDashboardTest" name="verifyFolderIcons" time="0.0">
    <skipped/>
  </testcase> <!-- verifyFolderIcons -->
  <testcase classname="testcases.FolderDashboardTest" name="verifySearchFolder" time="0.001">
    <skipped/>
  </testcase> <!-- verifySearchFolder -->
  <testcase classname="testcases.FolderDashboardTest" name="verifyFooterSection" time="0.001">
    <skipped/>
  </testcase> <!-- verifyFooterSection -->
  <testcase classname="testcases.FolderDashboardTest" name="verifyFooterTest" time="0.0">
    <skipped/>
  </testcase> <!-- verifyFooterTest -->
  <testcase classname="testcases.FolderDashboardTest" name="verifyVersionText" time="0.0">
    <skipped/>
  </testcase> <!-- verifyVersionText -->
  <testcase classname="testcases.FolderDashboardTest" name="verifyCreateFolderPopup" time="0.0">
    <skipped/>
  </testcase> <!-- verifyCreateFolderPopup -->
  <testcase classname="testcases.FolderDashboardTest" name="verifyPinnedAndUnpinnedFolderCount" time="0.0">
    <skipped/>
  </testcase> <!-- verifyPinnedAndUnpinnedFolderCount -->
  <testcase classname="testcases.FolderDashboardTest" name="verifyDropdownDisplayed" time="0.0">
    <skipped/>
  </testcase> <!-- verifyDropdownDisplayed -->
  <testcase classname="testcases.FolderDashboardTest" name="verifyDropdownOpens" time="0.0">
    <skipped/>
  </testcase> <!-- verifyDropdownOpens -->
  <testcase classname="testcases.FolderDashboardTest" name="verifyDefaultSelection" time="0.0">
    <skipped/>
  </testcase> <!-- verifyDefaultSelection -->
  <testcase classname="testcases.FolderDashboardTest" name="printFoldersForAllDropdownOptions" time="0.001">
    <skipped/>
  </testcase> <!-- printFoldersForAllDropdownOptions -->
  <testcase classname="testcases.FolderDashboardTest" name="verifyClearAllFunctionality" time="0.0">
    <skipped/>
  </testcase> <!-- verifyClearAllFunctionality -->
  <testcase classname="testcases.FolderDashboardTest" name="verifyProfileMenuOptions" time="0.0">
    <skipped/>
  </testcase> <!-- verifyProfileMenuOptions -->
  <testcase classname="testcases.FolderDashboardTest" name="verifyLogout" time="0.0">
    <skipped/>
  </testcase> <!-- verifyLogout -->
  <testcase classname="base.BaseTest" name="@BeforeSuite setup" time="0.0">
    <ignored/>
  </testcase> <!-- @BeforeSuite setup -->
  <testcase classname="base.BaseTest" name="@AfterSuite tearDown" time="0.0">
    <ignored/>
  </testcase> <!-- @AfterSuite tearDown -->
</testsuite> <!-- Login Tests -->
