<?xml version="1.0" encoding="UTF-8"?>
<testng-results ignored="0" total="32" passed="32" failed="0" skipped="0">
  <reporter-output>
  </reporter-output>
  <suite started-at="2026-03-25T13:03:31 IST" name="ClientPortalSuite" finished-at="2026-03-25T13:03:54 IST" duration-ms="23289">
    <groups>
    </groups>
    <test started-at="2026-03-25T13:03:31 IST" name="ClientPortalTests" finished-at="2026-03-25T13:03:54 IST" duration-ms="23289">
      <class name="testcases.DocumentDashboardTest">
        <test-method signature="verifyNavigationToDocumentDashboard()[pri:40, instance:testcases.DocumentDashboardTest@185a6e9]" started-at="2026-03-25T13:03:40 IST" name="verifyNavigationToDocumentDashboard" finished-at="2026-03-25T13:03:41 IST" duration-ms="181" status="PASS">
          <reporter-output>
          </reporter-output>
        </test-method> <!-- verifyNavigationToDocumentDashboard -->
        <test-method signature="verifyFilteredDocumentCount()[pri:41, instance:testcases.DocumentDashboardTest@185a6e9]" started-at="2026-03-25T13:03:41 IST" name="verifyFilteredDocumentCount" finished-at="2026-03-25T13:03:53 IST" duration-ms="12641" status="PASS">
          <reporter-output>
          </reporter-output>
        </test-method> <!-- verifyFilteredDocumentCount -->
        <test-method signature="verifyProfileMenuOptions()[pri:42, instance:testcases.DocumentDashboardTest@185a6e9]" started-at="2026-03-25T13:03:53 IST" name="verifyProfileMenuOptions" finished-at="2026-03-25T13:03:54 IST" duration-ms="350" status="PASS">
          <reporter-output>
          </reporter-output>
        </test-method> <!-- verifyProfileMenuOptions -->
        <test-method signature="verifyLogout()[pri:100, instance:testcases.DocumentDashboardTest@185a6e9]" started-at="2026-03-25T13:03:54 IST" name="verifyLogout" finished-at="2026-03-25T13:03:54 IST" duration-ms="334" status="PASS">
          <reporter-output>
          </reporter-output>
        </test-method> <!-- verifyLogout -->
      </class> <!-- testcases.DocumentDashboardTest -->
      <class name="testcases.FolderDashboardTest">
        <test-method signature="verifyHeaderSection()[pri:11, instance:testcases.FolderDashboardTest@1e800aaa]" started-at="2026-03-25T13:03:34 IST" name="verifyHeaderSection" finished-at="2026-03-25T13:03:34 IST" duration-ms="33" status="PASS">
          <reporter-output>
          </reporter-output>
        </test-method> <!-- verifyHeaderSection -->
        <test-method signature="verifyDashboardLogo()[pri:12, instance:testcases.FolderDashboardTest@1e800aaa]" started-at="2026-03-25T13:03:34 IST" name="verifyDashboardLogo" finished-at="2026-03-25T13:03:34 IST" duration-ms="33" status="PASS">
          <reporter-output>
          </reporter-output>
        </test-method> <!-- verifyDashboardLogo -->
        <test-method signature="verifyProfileIcon()[pri:13, instance:testcases.FolderDashboardTest@1e800aaa]" started-at="2026-03-25T13:03:34 IST" name="verifyProfileIcon" finished-at="2026-03-25T13:03:34 IST" duration-ms="50" status="PASS">
          <reporter-output>
          </reporter-output>
        </test-method> <!-- verifyProfileIcon -->
        <test-method signature="verifyFolderContainer()[pri:14, instance:testcases.FolderDashboardTest@1e800aaa]" started-at="2026-03-25T13:03:34 IST" name="verifyFolderContainer" finished-at="2026-03-25T13:03:34 IST" duration-ms="34" status="PASS">
          <reporter-output>
          </reporter-output>
        </test-method> <!-- verifyFolderContainer -->
        <test-method signature="verifyPageTitle()[pri:15, instance:testcases.FolderDashboardTest@1e800aaa]" started-at="2026-03-25T13:03:34 IST" name="verifyPageTitle" finished-at="2026-03-25T13:03:34 IST" duration-ms="50" status="PASS">
          <reporter-output>
          </reporter-output>
        </test-method> <!-- verifyPageTitle -->
        <test-method signature="verifyDocumentTab()[pri:16, instance:testcases.FolderDashboardTest@1e800aaa]" started-at="2026-03-25T13:03:34 IST" name="verifyDocumentTab" finished-at="2026-03-25T13:03:35 IST" duration-ms="141" status="PASS">
          <reporter-output>
          </reporter-output>
        </test-method> <!-- verifyDocumentTab -->
        <test-method signature="verifyFolderTab()[pri:17, instance:testcases.FolderDashboardTest@1e800aaa]" started-at="2026-03-25T13:03:35 IST" name="verifyFolderTab" finished-at="2026-03-25T13:03:35 IST" duration-ms="173" status="PASS">
          <reporter-output>
          </reporter-output>
        </test-method> <!-- verifyFolderTab -->
        <test-method signature="verifyFolderIcons()[pri:18, instance:testcases.FolderDashboardTest@1e800aaa]" started-at="2026-03-25T13:03:35 IST" name="verifyFolderIcons" finished-at="2026-03-25T13:03:35 IST" duration-ms="206" status="PASS">
          <reporter-output>
          </reporter-output>
        </test-method> <!-- verifyFolderIcons -->
        <test-method signature="verifyFooterSection()[pri:20, instance:testcases.FolderDashboardTest@1e800aaa]" started-at="2026-03-25T13:03:35 IST" name="verifyFooterSection" finished-at="2026-03-25T13:03:35 IST" duration-ms="52" status="PASS">
          <reporter-output>
          </reporter-output>
        </test-method> <!-- verifyFooterSection -->
        <test-method signature="verifyFooterTest()[pri:21, instance:testcases.FolderDashboardTest@1e800aaa]" started-at="2026-03-25T13:03:35 IST" name="verifyFooterTest" finished-at="2026-03-25T13:03:35 IST" duration-ms="36" status="PASS">
          <reporter-output>
          </reporter-output>
        </test-method> <!-- verifyFooterTest -->
        <test-method signature="verifyVersionText()[pri:22, instance:testcases.FolderDashboardTest@1e800aaa]" started-at="2026-03-25T13:03:35 IST" name="verifyVersionText" finished-at="2026-03-25T13:03:35 IST" duration-ms="58" status="PASS">
          <reporter-output>
          </reporter-output>
        </test-method> <!-- verifyVersionText -->
        <test-method signature="verifyCreateFolderWithName()[pri:23, instance:testcases.FolderDashboardTest@1e800aaa]" started-at="2026-03-25T13:03:35 IST" name="verifyCreateFolderWithName" finished-at="2026-03-25T13:03:36 IST" duration-ms="1010" status="PASS">
          <reporter-output>
          </reporter-output>
        </test-method> <!-- verifyCreateFolderWithName -->
        <test-method signature="verifyCreateFolderPopup()[pri:24, instance:testcases.FolderDashboardTest@1e800aaa]" started-at="2026-03-25T13:03:36 IST" name="verifyCreateFolderPopup" finished-at="2026-03-25T13:03:36 IST" duration-ms="297" status="PASS">
          <reporter-output>
          </reporter-output>
        </test-method> <!-- verifyCreateFolderPopup -->
        <test-method signature="verifyPinnedAndUnpinnedFolderCount()[pri:25, instance:testcases.FolderDashboardTest@1e800aaa]" started-at="2026-03-25T13:03:36 IST" name="verifyPinnedAndUnpinnedFolderCount" finished-at="2026-03-25T13:03:37 IST" duration-ms="100" status="PASS">
          <reporter-output>
          </reporter-output>
        </test-method> <!-- verifyPinnedAndUnpinnedFolderCount -->
        <test-method signature="verifyDropdownDisplayed()[pri:26, instance:testcases.FolderDashboardTest@1e800aaa]" started-at="2026-03-25T13:03:37 IST" name="verifyDropdownDisplayed" finished-at="2026-03-25T13:03:37 IST" duration-ms="49" status="PASS">
          <reporter-output>
          </reporter-output>
        </test-method> <!-- verifyDropdownDisplayed -->
        <test-method signature="verifyDropdownOpens()[pri:27, instance:testcases.FolderDashboardTest@1e800aaa]" started-at="2026-03-25T13:03:37 IST" name="verifyDropdownOpens" finished-at="2026-03-25T13:03:37 IST" duration-ms="85" status="PASS">
          <reporter-output>
          </reporter-output>
        </test-method> <!-- verifyDropdownOpens -->
        <test-method signature="verifyDefaultSelection()[pri:28, instance:testcases.FolderDashboardTest@1e800aaa]" started-at="2026-03-25T13:03:37 IST" name="verifyDefaultSelection" finished-at="2026-03-25T13:03:37 IST" duration-ms="52" status="PASS">
          <reporter-output>
          </reporter-output>
        </test-method> <!-- verifyDefaultSelection -->
        <test-method signature="printFoldersForAllDropdownOptions()[pri:29, instance:testcases.FolderDashboardTest@1e800aaa]" started-at="2026-03-25T13:03:37 IST" name="printFoldersForAllDropdownOptions" finished-at="2026-03-25T13:03:40 IST" duration-ms="3282" status="PASS">
          <reporter-output>
          </reporter-output>
        </test-method> <!-- printFoldersForAllDropdownOptions -->
        <test-method signature="verifyClearAllFunctionality()[pri:30, instance:testcases.FolderDashboardTest@1e800aaa]" started-at="2026-03-25T13:03:40 IST" name="verifyClearAllFunctionality" finished-at="2026-03-25T13:03:40 IST" duration-ms="232" status="PASS">
          <reporter-output>
          </reporter-output>
        </test-method> <!-- verifyClearAllFunctionality -->
        <test-method signature="verifySearchFolder()[pri:31, instance:testcases.FolderDashboardTest@1e800aaa]" started-at="2026-03-25T13:03:40 IST" name="verifySearchFolder" finished-at="2026-03-25T13:03:40 IST" duration-ms="152" status="PASS">
          <reporter-output>
          </reporter-output>
        </test-method> <!-- verifySearchFolder -->
      </class> <!-- testcases.FolderDashboardTest -->
      <class name="testcases.LoginTest">
        <test-method is-config="true" signature="setup()[pri:0, instance:testcases.LoginTest@477b4cdf]" started-at="2026-03-25T13:03:28 IST" name="setup" finished-at="2026-03-25T13:03:31 IST" duration-ms="2522" status="PASS">
          <reporter-output>
          </reporter-output>
        </test-method> <!-- setup -->
        <test-method signature="verifyEmailIcon()[pri:0, instance:testcases.LoginTest@477b4cdf]" started-at="2026-03-25T13:03:31 IST" name="verifyEmailIcon" finished-at="2026-03-25T13:03:31 IST" duration-ms="67" status="PASS">
          <reporter-output>
          </reporter-output>
        </test-method> <!-- verifyEmailIcon -->
        <test-method signature="verifyLoginBox()[pri:0, instance:testcases.LoginTest@477b4cdf]" started-at="2026-03-25T13:03:31 IST" name="verifyLoginBox" finished-at="2026-03-25T13:03:31 IST" duration-ms="37" status="PASS">
          <reporter-output>
          </reporter-output>
        </test-method> <!-- verifyLoginBox -->
        <test-method signature="verifyLoginWrapper()[pri:0, instance:testcases.LoginTest@477b4cdf]" started-at="2026-03-25T13:03:31 IST" name="verifyLoginWrapper" finished-at="2026-03-25T13:03:31 IST" duration-ms="32" status="PASS">
          <reporter-output>
          </reporter-output>
        </test-method> <!-- verifyLoginWrapper -->
        <test-method signature="verifyLogo()[pri:0, instance:testcases.LoginTest@477b4cdf]" started-at="2026-03-25T13:03:31 IST" name="verifyLogo" finished-at="2026-03-25T13:03:31 IST" duration-ms="34" status="PASS">
          <reporter-output>
          </reporter-output>
        </test-method> <!-- verifyLogo -->
        <test-method signature="verifyPasswordIcon()[pri:0, instance:testcases.LoginTest@477b4cdf]" started-at="2026-03-25T13:03:31 IST" name="verifyPasswordIcon" finished-at="2026-03-25T13:03:31 IST" duration-ms="40" status="PASS">
          <reporter-output>
          </reporter-output>
        </test-method> <!-- verifyPasswordIcon -->
        <test-method signature="verifySubTitle()[pri:0, instance:testcases.LoginTest@477b4cdf]" started-at="2026-03-25T13:03:31 IST" name="verifySubTitle" finished-at="2026-03-25T13:03:31 IST" duration-ms="33" status="PASS">
          <reporter-output>
          </reporter-output>
        </test-method> <!-- verifySubTitle -->
        <test-method signature="verifyInvalidLogin()[pri:1, instance:testcases.LoginTest@477b4cdf]" started-at="2026-03-25T13:03:31 IST" name="verifyInvalidLogin" finished-at="2026-03-25T13:03:33 IST" duration-ms="1467" status="PASS">
          <reporter-output>
          </reporter-output>
        </test-method> <!-- verifyInvalidLogin -->
        <test-method signature="verifyValidLogin()[pri:2, instance:testcases.LoginTest@477b4cdf]" started-at="2026-03-25T13:03:33 IST" name="verifyValidLogin" finished-at="2026-03-25T13:03:34 IST" duration-ms="1417" status="PASS">
          <reporter-output>
          </reporter-output>
        </test-method> <!-- verifyValidLogin -->
        <test-method is-config="true" signature="tearDown()[pri:0, instance:testcases.LoginTest@477b4cdf]" started-at="2026-03-25T13:03:54 IST" name="tearDown" finished-at="2026-03-25T13:03:55 IST" duration-ms="253" status="PASS">
          <reporter-output>
          </reporter-output>
        </test-method> <!-- tearDown -->
      </class> <!-- testcases.LoginTest -->
    </test> <!-- ClientPortalTests -->
  </suite> <!-- ClientPortalSuite -->
</testng-results>
