<?xml version="1.0" encoding="UTF-8"?>
<!-- Generated by org.testng.reporters.JUnitReportReporter -->
<testsuite hostname="DESKTOP-7TRN07R" failures="0" tests="8" name="testcases.LoginTest" time="3.127" errors="0" timestamp="2026-03-25T13:03:55 IST" skipped="0">
  <testcase classname="testcases.LoginTest" name="verifySubTitle" time="0.033"/>
  <testcase classname="testcases.LoginTest" name="verifyLogo" time="0.034"/>
  <testcase classname="testcases.LoginTest" name="verifyLoginBox" time="0.037"/>
  <testcase classname="testcases.LoginTest" name="verifyEmailIcon" time="0.067"/>
  <testcase classname="testcases.LoginTest" name="verifyPasswordIcon" time="0.040"/>
  <testcase classname="testcases.LoginTest" name="verifyLoginWrapper" time="0.032"/>
  <testcase classname="testcases.LoginTest" name="verifyInvalidLogin" time="1.467"/>
  <testcase classname="testcases.LoginTest" name="verifyValidLogin" time="1.417"/>
</testsuite> <!-- testcases.LoginTest -->
