<?xml version="1.0" encoding="UTF-8"?>
<!-- Generated by org.testng.reporters.JUnitReportReporter -->
<testsuite hostname="DESKTOP-7TRN07R" failures="0" tests="20" name="testcases.FolderDashboardTest" time="6.125" errors="0" timestamp="2026-03-25T13:03:55 IST" skipped="0">
  <testcase classname="testcases.FolderDashboardTest" name="verifyHeaderSection" time="0.033"/>
  <testcase classname="testcases.FolderDashboardTest" name="verifyDashboardLogo" time="0.033"/>
  <testcase classname="testcases.FolderDashboardTest" name="verifyProfileIcon" time="0.050"/>
  <testcase classname="testcases.FolderDashboardTest" name="verifyFolderContainer" time="0.034"/>
  <testcase classname="testcases.FolderDashboardTest" name="verifyPageTitle" time="0.050"/>
  <testcase classname="testcases.FolderDashboardTest" name="verifyDocumentTab" time="0.141"/>
  <testcase classname="testcases.FolderDashboardTest" name="verifyFolderTab" time="0.173"/>
  <testcase classname="testcases.FolderDashboardTest" name="verifyFolderIcons" time="0.206"/>
  <testcase classname="testcases.FolderDashboardTest" name="verifyFooterSection" time="0.052"/>
  <testcase classname="testcases.FolderDashboardTest" name="verifyFooterTest" time="0.036"/>
  <testcase classname="testcases.FolderDashboardTest" name="verifyVersionText" time="0.058"/>
  <testcase classname="testcases.FolderDashboardTest" name="verifyCreateFolderWithName" time="1.010"/>
  <testcase classname="testcases.FolderDashboardTest" name="verifyCreateFolderPopup" time="0.297"/>
  <testcase classname="testcases.FolderDashboardTest" name="verifyPinnedAndUnpinnedFolderCount" time="0.100"/>
  <testcase classname="testcases.FolderDashboardTest" name="verifyDropdownDisplayed" time="0.049"/>
  <testcase classname="testcases.FolderDashboardTest" name="verifyDropdownOpens" time="0.085"/>
  <testcase classname="testcases.FolderDashboardTest" name="verifyDefaultSelection" time="0.052"/>
  <testcase classname="testcases.FolderDashboardTest" name="printFoldersForAllDropdownOptions" time="3.282"/>
  <testcase classname="testcases.FolderDashboardTest" name="verifyClearAllFunctionality" time="0.232"/>
  <testcase classname="testcases.FolderDashboardTest" name="verifySearchFolder" time="0.152"/>
</testsuite> <!-- testcases.FolderDashboardTest -->
