<?xml version="1.0" encoding="UTF-8"?>
<!-- Generated by org.testng.reporters.JUnitReportReporter -->
<testsuite hostname="DESKTOP-7TRN07R" failures="0" tests="20" name="testcases.FolderDashboardTest" time="6.428" errors="0" timestamp="2026-03-25T08:19:12 IST" skipped="0">
  <testcase classname="testcases.FolderDashboardTest" name="verifyHeaderSection" time="0.048"/>
  <testcase classname="testcases.FolderDashboardTest" name="verifyDashboardLogo" time="0.048"/>
  <testcase classname="testcases.FolderDashboardTest" name="verifyProfileIcon" time="0.047"/>
  <testcase classname="testcases.FolderDashboardTest" name="verifyFolderContainer" time="0.056"/>
  <testcase classname="testcases.FolderDashboardTest" name="verifyPageTitle" time="0.047"/>
  <testcase classname="testcases.FolderDashboardTest" name="verifyDocumentTab" time="0.134"/>
  <testcase classname="testcases.FolderDashboardTest" name="verifyFolderTab" time="0.167"/>
  <testcase classname="testcases.FolderDashboardTest" name="verifyFolderIcons" time="0.196"/>
  <testcase classname="testcases.FolderDashboardTest" name="verifyFooterSection" time="0.035"/>
  <testcase classname="testcases.FolderDashboardTest" name="verifyFooterTest" time="0.051"/>
  <testcase classname="testcases.FolderDashboardTest" name="verifyVersionText" time="0.044"/>
  <testcase classname="testcases.FolderDashboardTest" name="verifyCreateFolderWithName" time="1.033"/>
  <testcase classname="testcases.FolderDashboardTest" name="verifyCreateFolderPopup" time="0.326"/>
  <testcase classname="testcases.FolderDashboardTest" name="verifyPinnedAndUnpinnedFolderCount" time="0.110"/>
  <testcase classname="testcases.FolderDashboardTest" name="verifyDropdownDisplayed" time="0.048"/>
  <testcase classname="testcases.FolderDashboardTest" name="verifyDropdownOpens" time="0.089"/>
  <testcase classname="testcases.FolderDashboardTest" name="verifyDefaultSelection" time="0.051"/>
  <testcase classname="testcases.FolderDashboardTest" name="printFoldersForAllDropdownOptions" time="3.494"/>
  <testcase classname="testcases.FolderDashboardTest" name="verifyClearAllFunctionality" time="0.254"/>
  <testcase classname="testcases.FolderDashboardTest" name="verifySearchFolder" time="0.150"/>
</testsuite> <!-- testcases.FolderDashboardTest -->
