<?xml version="1.0" encoding="UTF-8"?>
<!-- Generated by org.testng.reporters.JUnitReportReporter -->
<testsuite hostname="DESKTOP-7TRN07R" failures="0" tests="8" name="testcases.LoginTest" time="3.341" errors="0" timestamp="2026-03-25T08:19:12 IST" skipped="0">
  <testcase classname="testcases.LoginTest" name="verifySubTitle" time="0.036"/>
  <testcase classname="testcases.LoginTest" name="verifyPasswordIcon" time="0.057"/>
  <testcase classname="testcases.LoginTest" name="verifyLogo" time="0.063"/>
  <testcase classname="testcases.LoginTest" name="verifyLoginWrapper" time="0.047"/>
  <testcase classname="testcases.LoginTest" name="verifyLoginBox" time="0.048"/>
  <testcase classname="testcases.LoginTest" name="verifyEmailIcon" time="0.064"/>
  <testcase classname="testcases.LoginTest" name="verifyInvalidLogin" time="1.592"/>
  <testcase classname="testcases.LoginTest" name="verifyValidLogin" time="1.434"/>
</testsuite> <!-- testcases.LoginTest -->
