<?xml version="1.0" encoding="UTF-8"?>
<!-- Generated by org.testng.reporters.JUnitReportReporter -->
<testsuite hostname="DESKTOP-7TRN07R" failures="0" tests="4" name="testcases.DocumentDashboardTest" time="13.506" errors="0" timestamp="2026-03-25T13:03:55 IST" skipped="0">
  <testcase classname="testcases.DocumentDashboardTest" name="verifyNavigationToDocumentDashboard" time="0.181"/>
  <testcase classname="testcases.DocumentDashboardTest" name="verifyFilteredDocumentCount" time="12.641"/>
  <testcase classname="testcases.DocumentDashboardTest" name="verifyProfileMenuOptions" time="0.350"/>
  <testcase classname="testcases.DocumentDashboardTest" name="verifyLogout" time="0.334"/>
</testsuite> <!-- testcases.DocumentDashboardTest -->
