<?xml version="1.0" encoding="UTF-8"?>
<!-- Generated by org.testng.reporters.JUnitReportReporter -->
<testsuite hostname="DESKTOP-7TRN07R" failures="0" tests="3" name="testcases.DocumentDashboardTest" time="12.707" errors="0" timestamp="2026-03-25T08:19:12 IST" skipped="0">
  <testcase classname="testcases.DocumentDashboardTest" name="verifyNavigationToDocumentDashboard" time="0.206"/>
  <testcase classname="testcases.DocumentDashboardTest" name="verifyFilteredDocumentCount" time="12.153"/>
  <testcase classname="testcases.DocumentDashboardTest" name="verifyProfileMenuOptions" time="0.348"/>
</testsuite> <!-- testcases.DocumentDashboardTest -->
